<?xml version="1.0" encoding="UTF-8"?>
<coverage generated="1652727587699" clover="3.2.0">
  <project timestamp="1652727587699" name="All files">
    <metrics statements="90" coveredstatements="74" conditionals="2" coveredconditionals="1" methods="29" coveredmethods="15" elements="121" coveredelements="90" complexity="0" loc="90" ncloc="90" packages="6" files="7" classes="7"/>
    <package name="crud">
      <metrics statements="16" coveredstatements="16" conditionals="0" coveredconditionals="0" methods="1" coveredmethods="1"/>
      <file name="server.js" path="C:\Users\John Chung\Desktop\crud\server.js">
        <metrics statements="16" coveredstatements="16" conditionals="0" coveredconditionals="0" methods="1" coveredmethods="1"/>
        <line num="1" count="1" type="stmt"/>
        <line num="2" count="1" type="stmt"/>
        <line num="3" count="1" type="stmt"/>
        <line num="4" count="1" type="stmt"/>
        <line num="6" count="1" type="stmt"/>
        <line num="7" count="1" type="stmt"/>
        <line num="8" count="1" type="stmt"/>
        <line num="10" count="1" type="stmt"/>
        <line num="12" count="1" type="stmt"/>
        <line num="14" count="1" type="stmt"/>
        <line num="15" count="1" type="stmt"/>
        <line num="17" count="1" type="stmt"/>
        <line num="18" count="1" type="stmt"/>
        <line num="20" count="1" type="stmt"/>
        <line num="21" count="1" type="stmt"/>
        <line num="24" count="1" type="stmt"/>
      </file>
    </package>
    <package name="crud.config">
      <metrics statements="1" coveredstatements="1" conditionals="0" coveredconditionals="0" methods="0" coveredmethods="0"/>
      <file name="key.js" path="C:\Users\John Chung\Desktop\crud\config\key.js">
        <metrics statements="1" coveredstatements="1" conditionals="0" coveredconditionals="0" methods="0" coveredmethods="0"/>
        <line num="1" count="1" type="stmt"/>
      </file>
    </package>
    <package name="crud.controller">
      <metrics statements="32" coveredstatements="20" conditionals="0" coveredconditionals="0" methods="21" coveredmethods="10"/>
      <file name="inventoryController.js" path="C:\Users\John Chung\Desktop\crud\controller\inventoryController.js">
        <metrics statements="32" coveredstatements="20" conditionals="0" coveredconditionals="0" methods="21" coveredmethods="10"/>
        <line num="1" count="1" type="stmt"/>
        <line num="2" count="1" type="stmt"/>
        <line num="4" count="1" type="stmt"/>
        <line num="5" count="1" type="stmt"/>
        <line num="13" count="0" type="stmt"/>
        <line num="14" count="1" type="stmt"/>
        <line num="17" count="1" type="stmt"/>
        <line num="18" count="1" type="stmt"/>
        <line num="28" count="1" type="stmt"/>
        <line num="29" count="0" type="stmt"/>
        <line num="32" count="1" type="stmt"/>
        <line num="33" count="1" type="stmt"/>
        <line num="34" count="1" type="stmt"/>
        <line num="44" count="1" type="stmt"/>
        <line num="45" count="0" type="stmt"/>
        <line num="48" count="1" type="stmt"/>
        <line num="49" count="1" type="stmt"/>
        <line num="58" count="1" type="stmt"/>
        <line num="59" count="0" type="stmt"/>
        <line num="62" count="1" type="stmt"/>
        <line num="63" count="1" type="stmt"/>
        <line num="74" count="1" type="stmt"/>
        <line num="75" count="0" type="stmt"/>
        <line num="78" count="1" type="stmt"/>
        <line num="79" count="0" type="stmt"/>
        <line num="88" count="0" type="stmt"/>
        <line num="89" count="0" type="stmt"/>
        <line num="93" count="1" type="stmt"/>
        <line num="94" count="0" type="stmt"/>
        <line num="95" count="0" type="stmt"/>
        <line num="105" count="0" type="stmt"/>
        <line num="106" count="0" type="stmt"/>
      </file>
    </package>
    <package name="crud.models">
      <metrics statements="3" coveredstatements="3" conditionals="0" coveredconditionals="0" methods="0" coveredmethods="0"/>
      <file name="inventory.js" path="C:\Users\John Chung\Desktop\crud\models\inventory.js">
        <metrics statements="3" coveredstatements="3" conditionals="0" coveredconditionals="0" methods="0" coveredmethods="0"/>
        <line num="1" count="1" type="stmt"/>
        <line num="3" count="1" type="stmt"/>
        <line num="12" count="1" type="stmt"/>
      </file>
    </package>
    <package name="crud.routes">
      <metrics statements="19" coveredstatements="16" conditionals="0" coveredconditionals="0" methods="3" coveredmethods="0"/>
      <file name="index.js" path="C:\Users\John Chung\Desktop\crud\routes\index.js">
        <metrics statements="8" coveredstatements="5" conditionals="0" coveredconditionals="0" methods="3" coveredmethods="0"/>
        <line num="1" count="1" type="stmt"/>
        <line num="2" count="1" type="stmt"/>
        <line num="3" count="1" type="stmt"/>
        <line num="5" count="1" type="stmt"/>
        <line num="6" count="0" type="stmt"/>
        <line num="8" count="0" type="stmt"/>
        <line num="9" count="0" type="stmt"/>
        <line num="12" count="1" type="stmt"/>
      </file>
      <file name="inventoryCollection.js" path="C:\Users\John Chung\Desktop\crud\routes\inventoryCollection.js">
        <metrics statements="11" coveredstatements="11" conditionals="0" coveredconditionals="0" methods="0" coveredmethods="0"/>
        <line num="1" count="1" type="stmt"/>
        <line num="2" count="1" type="stmt"/>
        <line num="3" count="1" type="stmt"/>
        <line num="5" count="1" type="stmt"/>
        <line num="7" count="1" type="stmt"/>
        <line num="9" count="1" type="stmt"/>
        <line num="11" count="1" type="stmt"/>
        <line num="13" count="1" type="stmt"/>
        <line num="15" count="1" type="stmt"/>
        <line num="17" count="1" type="stmt"/>
        <line num="19" count="1" type="stmt"/>
      </file>
    </package>
    <package name="crud.tests">
      <metrics statements="19" coveredstatements="18" conditionals="2" coveredconditionals="1" methods="4" coveredmethods="4"/>
      <file name="db.js" path="C:\Users\John Chung\Desktop\crud\tests\db.js">
        <metrics statements="19" coveredstatements="18" conditionals="2" coveredconditionals="1" methods="4" coveredmethods="4"/>
        <line num="1" count="1" type="stmt"/>
        <line num="2" count="1" type="stmt"/>
        <line num="6" count="1" type="stmt"/>
        <line num="11" count="1" type="stmt"/>
        <line num="12" count="1" type="stmt"/>
        <line num="13" count="1" type="stmt"/>
        <line num="15" count="1" type="stmt"/>
        <line num="16" count="1" type="stmt"/>
        <line num="17" count="1" type="cond" truecount="1" falsecount="1"/>
        <line num="18" count="0" type="stmt"/>
        <line num="23" count="1" type="stmt"/>
        <line num="24" count="1" type="stmt"/>
        <line num="25" count="1" type="stmt"/>
        <line num="28" count="1" type="stmt"/>
        <line num="29" count="5" type="stmt"/>
        <line num="31" count="5" type="stmt"/>
        <line num="32" count="5" type="stmt"/>
        <line num="33" count="5" type="stmt"/>
        <line num="37" count="1" type="stmt"/>
      </file>
    </package>
  </project>
</coverage>
